#
# There is insufficient memory for the Java Runtime Environment to continue.
# Native memory allocation (mmap) failed to map 65536 bytes for Failed to commit metaspace.
# Possible reasons:
#   The system is out of physical RAM or swap space
#   The process is running with CompressedOops enabled, and the Java Heap may be blocking the growth of the native heap
# Possible solutions:
#   Reduce memory load on the system
#   Increase physical memory or swap space
#   Check if swap backing store is full
#   Decrease Java heap size (-Xmx/-Xms)
#   Decrease number of Java threads
#   Decrease Java thread stack sizes (-Xss)
#   Set larger code cache with -XX:ReservedCodeCacheSize=
#   JVM is running with Unscaled Compressed Oops mode in which the Java heap is
#     placed in the first 4GB address space. The Java Heap base address is the
#     maximum limit for the native heap growth. Please use -XX:HeapBaseMinAddress
#     to set the Java Heap base and to place the Java Heap above 4GB virtual address.
# This output file may be truncated or incomplete.
#
#  Out of Memory Error (virtualSpaceNode.cpp:110), pid=26320, tid=19220
#
# JRE version: OpenJDK Runtime Environment Temurin-17.0.2+8 (17.0.2+8) (build 17.0.2+8)
# Java VM: OpenJDK 64-Bit Server VM Temurin-17.0.2+8 (17.0.2+8, mixed mode, tiered, compressed oops, compressed class ptrs, parallel gc, windows-amd64)
# No core dump will be written. Minidumps are not enabled by default on client versions of Windows
#

---------------  S U M M A R Y ------------

Command Line: --add-modules=ALL-SYSTEM --add-opens=java.base/java.util=ALL-UNNAMED --add-opens=java.base/java.lang=ALL-UNNAMED --add-opens=java.base/sun.nio.fs=ALL-UNNAMED -Declipse.application=org.eclipse.jdt.ls.core.id1 -Dosgi.bundles.defaultStartLevel=4 -Declipse.product=org.eclipse.jdt.ls.core.product -Djava.import.generatesMetadataFilesAtProjectRoot=false -Dfile.encoding=utf8 -DwatchParentProcess=false -XX:+UseParallelGC -XX:GCTimeRatio=4 -XX:AdaptiveSizePolicyWeight=90 -Dsun.zip.disableMemoryMapping=true -Xmx1G -Xms100m c:\Users\Taylanne\.vscode\extensions\redhat.java-1.4.0-win32-x64\server\plugins\org.eclipse.equinox.launcher_1.6.400.v20210924-0641.jar -configuration c:\Users\Taylanne\AppData\Roaming\Code\User\globalStorage\redhat.java\1.4.0\config_ss_win -data c:\Users\Taylanne\AppData\Roaming\Code\User\workspaceStorage\440ee4b0d056b4a57d7929923ceb5cde\redhat.java\ss_ws

Host: Intel(R) Pentium(R) Gold 7505 @ 2.00GHz, 4 cores, 3G,  Windows 10 , 64 bit Build 19041 (10.0.19041.1645)
Time: Tue May 17 10:10:54 2022 Hora oficial do Brasil elapsed time: 3.046656 seconds (0d 0h 0m 3s)

---------------  T H R E A D  ---------------

Current thread (0x0000013515a73ff0):  JavaThread "main" [_thread_in_vm, id=19220, stack(0x0000001623000000,0x0000001623100000)]

Stack: [0x0000001623000000,0x0000001623100000]
Native frames: (J=compiled Java code, j=interpreted, Vv=VM code, C=native code)
V  [jvm.dll+0x67564a]
V  [jvm.dll+0x82fc04]
V  [jvm.dll+0x8313ae]
V  [jvm.dll+0x831a13]
V  [jvm.dll+0x245235]
V  [jvm.dll+0x82bbab]
V  [jvm.dll+0x61a336]
V  [jvm.dll+0x1c016e]
V  [jvm.dll+0x61cc81]
V  [jvm.dll+0x61acd6]
V  [jvm.dll+0x239c31]
V  [jvm.dll+0x1e9f60]
V  [jvm.dll+0x1ea3e5]
V  [jvm.dll+0x1eae1f]
V  [jvm.dll+0x1e02c1]
V  [jvm.dll+0x53b6e0]
V  [jvm.dll+0x7aad88]
V  [jvm.dll+0x7aae74]
V  [jvm.dll+0x40c2f5]
V  [jvm.dll+0x4124e8]
C  [java.dll+0x17ec]

Java frames: (J=compiled Java code, j=interpreted, Vv=VM code)
J 961  java.lang.ClassLoader.defineClass1(Ljava/lang/ClassLoader;Ljava/lang/String;[BIILjava/security/ProtectionDomain;Ljava/lang/String;)Ljava/lang/Class; java.base@17.0.2 (0 bytes) @ 0x000001352021cbdb [0x000001352021cb20+0x00000000000000bb]
j  java.lang.ClassLoader.defineClass(Ljava/lang/String;[BIILjava/security/ProtectionDomain;)Ljava/lang/Class;+27 java.base@17.0.2
j  java.security.SecureClassLoader.defineClass(Ljava/lang/String;[BIILjava/security/CodeSource;)Ljava/lang/Class;+12 java.base@17.0.2
J 986 c1 java.net.URLClassLoader.defineClass(Ljava/lang/String;Ljdk/internal/loader/Resource;)Ljava/lang/Class; java.base@17.0.2 (225 bytes) @ 0x0000013518e4f3b4 [0x0000013518e4d9c0+0x00000000000019f4]
j  java.net.URLClassLoader$1.run()Ljava/lang/Class;+43 java.base@17.0.2
J 985 c1 java.net.URLClassLoader$1.run()Ljava/lang/Object; java.base@17.0.2 (5 bytes) @ 0x0000013518e4d3c4 [0x0000013518e4d340+0x0000000000000084]
J 952 c1 java.security.AccessController.executePrivileged(Ljava/security/PrivilegedExceptionAction;Ljava/security/AccessControlContext;Ljava/lang/Class;)Ljava/lang/Object; java.base@17.0.2 (65 bytes) @ 0x0000013518e370b4 [0x0000013518e36f60+0x0000000000000154]
j  java.security.AccessController.doPrivileged(Ljava/security/PrivilegedExceptionAction;Ljava/security/AccessControlContext;)Ljava/lang/Object;+13 java.base@17.0.2
J 983 c1 java.net.URLClassLoader.findClass(Ljava/lang/String;)Ljava/lang/Class; java.base@17.0.2 (47 bytes) @ 0x0000013518e4c6ec [0x0000013518e4c580+0x000000000000016c]
J 790 c1 java.lang.ClassLoader.loadClass(Ljava/lang/String;Z)Ljava/lang/Class; java.base@17.0.2 (121 bytes) @ 0x0000013518dda4dc [0x0000013518dd9f40+0x000000000000059c]
J 656 c1 java.lang.ClassLoader.loadClass(Ljava/lang/String;)Ljava/lang/Class; java.base@17.0.2 (7 bytes) @ 0x0000013518da79bc [0x0000013518da78c0+0x00000000000000fc]
v  ~StubRoutines::call_stub
j  org.eclipse.osgi.container.ModuleResolver.createNewWiring(Lorg/eclipse/osgi/container/ModuleRevision;Ljava/util/Map;Ljava/util/Map;)Lorg/eclipse/osgi/container/ModuleWiring;+173
j  org.eclipse.osgi.container.ModuleResolver.generateDelta(Ljava/util/Map;Ljava/util/Map;)Ljava/util/Map;+367
j  org.eclipse.osgi.container.ModuleResolver$ResolveProcess.applyInterimResultToWiringCopy(Ljava/util/Map;)V+18
j  org.eclipse.osgi.container.ModuleResolver$ResolveProcess.resolveRevisions(Ljava/util/List;ZLorg/eclipse/osgi/container/ModuleResolver$ResolveProcess$ResolveLogger;Ljava/util/Map;)V+54
j  org.eclipse.osgi.container.ModuleResolver$ResolveProcess.resolveRevisionsInBatch(Ljava/util/Collection;ZLorg/eclipse/osgi/container/ModuleResolver$ResolveProcess$ResolveLogger;Ljava/util/Map;)V+233
j  org.eclipse.osgi.container.ModuleResolver$ResolveProcess.resolve()Lorg/eclipse/osgi/container/ModuleResolutionReport;+337
j  org.eclipse.osgi.container.ModuleResolver.resolveDelta(Ljava/util/Collection;ZLjava/util/Collection;Ljava/util/Map;Lorg/eclipse/osgi/container/ModuleDatabase;)Lorg/eclipse/osgi/container/ModuleResolutionReport;+19
j  org.eclipse.osgi.container.ModuleContainer.resolveAndApply(Ljava/util/Collection;ZZLorg/eclipse/osgi/container/ModuleContainer$ResolutionLock$Permits;)Lorg/eclipse/osgi/report/resolution/ResolutionReport;+245
j  org.eclipse.osgi.container.ModuleContainer.resolve(Ljava/util/Collection;ZZ)Lorg/eclipse/osgi/report/resolution/ResolutionReport;+54
j  org.eclipse.osgi.container.ModuleContainer.resolve(Ljava/util/Collection;Z)Lorg/eclipse/osgi/report/resolution/ResolutionReport;+4
j  org.eclipse.osgi.storage.Storage.checkSystemBundle([Ljava/lang/String;)V+103
j  org.eclipse.osgi.storage.Storage.createStorage(Lorg/eclipse/osgi/internal/framework/EquinoxContainer;)Lorg/eclipse/osgi/storage/Storage;+17
j  org.eclipse.osgi.internal.framework.EquinoxContainer.<init>(Ljava/util/Map;Lorg/osgi/framework/connect/ModuleConnector;)V+145
j  org.eclipse.osgi.launch.Equinox.<init>(Ljava/util/Map;Lorg/osgi/framework/connect/ModuleConnector;)V+10
j  org.eclipse.osgi.launch.Equinox.<init>(Ljava/util/Map;)V+3
j  org.eclipse.core.runtime.adaptor.EclipseStarter.startup([Ljava/lang/String;Ljava/lang/Runnable;)Lorg/osgi/framework/BundleContext;+28
j  org.eclipse.core.runtime.adaptor.EclipseStarter.run([Ljava/lang/String;Ljava/lang/Runnable;)Ljava/lang/Object;+21
v  ~StubRoutines::call_stub
j  jdk.internal.reflect.NativeMethodAccessorImpl.invoke0(Ljava/lang/reflect/Method;Ljava/lang/Object;[Ljava/lang/Object;)Ljava/lang/Object;+0 java.base@17.0.2
j  jdk.internal.reflect.NativeMethodAccessorImpl.invoke(Ljava/lang/Object;[Ljava/lang/Object;)Ljava/lang/Object;+133 java.base@17.0.2
j  jdk.internal.reflect.DelegatingMethodAccessorImpl.invoke(Ljava/lang/Object;[Ljava/lang/Object;)Ljava/lang/Object;+6 java.base@17.0.2
j  java.lang.reflect.Method.invoke(Ljava/lang/Object;[Ljava/lang/Object;)Ljava/lang/Object;+59 java.base@17.0.2
j  org.eclipse.equinox.launcher.Main.invokeFramework([Ljava/lang/String;[Ljava/net/URL;)V+201
j  org.eclipse.equinox.launcher.Main.basicRun([Ljava/lang/String;)V+159
j  org.eclipse.equinox.launcher.Main.run([Ljava/lang/String;)I+4
j  org.eclipse.equinox.launcher.Main.main([Ljava/lang/String;)V+10
v  ~StubRoutines::call_stub

---------------  P R O C E S S  ---------------

Threads class SMR info:
_java_thread_list=0x000001352bac0950, length=16, elements={
0x0000013515a73ff0, 0x0000013529882750, 0x0000013529884d30, 0x00000135298ae280,
0x00000135298aee30, 0x00000135298af9e0, 0x00000135298b23a0, 0x00000135298d2210,
0x00000135298d3450, 0x00000135298d4d80, 0x000001352b353a60, 0x000001352b48b050,
0x000001352ba09db0, 0x000001352b8353e0, 0x000001352b8358b0, 0x000001352b835d80
}

Java Threads: ( => current thread )
=>0x0000013515a73ff0 JavaThread "main" [_thread_in_vm, id=19220, stack(0x0000001623000000,0x0000001623100000)]
  0x0000013529882750 JavaThread "Reference Handler" daemon [_thread_blocked, id=26900, stack(0x0000001623300000,0x0000001623400000)]
  0x0000013529884d30 JavaThread "Finalizer" daemon [_thread_blocked, id=12604, stack(0x0000001623400000,0x0000001623500000)]
  0x00000135298ae280 JavaThread "Signal Dispatcher" daemon [_thread_blocked, id=27664, stack(0x0000001623500000,0x0000001623600000)]
  0x00000135298aee30 JavaThread "Attach Listener" daemon [_thread_blocked, id=23496, stack(0x0000001623600000,0x0000001623700000)]
  0x00000135298af9e0 JavaThread "Service Thread" daemon [_thread_blocked, id=17668, stack(0x0000001623700000,0x0000001623800000)]
  0x00000135298b23a0 JavaThread "Monitor Deflation Thread" daemon [_thread_blocked, id=2716, stack(0x0000001623800000,0x0000001623900000)]
  0x00000135298d2210 JavaThread "C2 CompilerThread0" daemon [_thread_blocked, id=18044, stack(0x0000001623900000,0x0000001623a00000)]
  0x00000135298d3450 JavaThread "C1 CompilerThread0" daemon [_thread_blocked, id=27152, stack(0x0000001623a00000,0x0000001623b00000)]
  0x00000135298d4d80 JavaThread "Sweeper thread" daemon [_thread_blocked, id=27672, stack(0x0000001623b00000,0x0000001623c00000)]
  0x000001352b353a60 JavaThread "Common-Cleaner" daemon [_thread_blocked, id=26968, stack(0x0000001623c00000,0x0000001623d00000)]
  0x000001352b48b050 JavaThread "Notification Thread" daemon [_thread_blocked, id=26584, stack(0x0000001623d00000,0x0000001623e00000)]
  0x000001352ba09db0 JavaThread "Equinox resolver thread - Equinox Container: ddc4611d-c07f-468a-bff2-6c054c11ca8f" daemon [_thread_blocked, id=10684, stack(0x0000001623f00000,0x0000001624000000)]
  0x000001352b8353e0 JavaThread "Equinox resolver thread - Equinox Container: ddc4611d-c07f-468a-bff2-6c054c11ca8f" daemon [_thread_blocked, id=26700, stack(0x0000001624000000,0x0000001624100000)]
  0x000001352b8358b0 JavaThread "Equinox resolver thread - Equinox Container: ddc4611d-c07f-468a-bff2-6c054c11ca8f" daemon [_thread_blocked, id=25804, stack(0x0000001624100000,0x0000001624200000)]
  0x000001352b835d80 JavaThread "Equinox resolver thread - Equinox Container: ddc4611d-c07f-468a-bff2-6c054c11ca8f" daemon [_thread_blocked, id=5948, stack(0x0000001624200000,0x0000001624300000)]

Other Threads:
  0x0000013529868f80 VMThread "VM Thread" [stack: 0x0000001623200000,0x0000001623300000] [id=28208] _threads_hazard_ptr=0x000001352bac0950
  0x000001352b48b520 WatcherThread [stack: 0x0000001623e00000,0x0000001623f00000] [id=26984]
  0x0000013515a8c7d0 GCTaskThread "GC Thread#0" [stack: 0x0000001623100000,0x0000001623200000] [id=24796]

Threads with active compile tasks:

VM state: synchronizing (normal execution)

VM Mutex/Monitor currently owned by a thread:  ([mutex/lock_event])
[0x0000013515a6d290] Metaspace_lock - owner thread: 0x0000013515a73ff0
[0x0000013515a6d7f0] Threads_lock - owner thread: 0x0000013529868f80

Heap address: 0x00000000c0000000, size: 1024 MB, Compressed Oops mode: 32-bit

CDS archive(s) not mapped
Compressed class space mapped at: 0x0000000100000000-0x0000000140000000, reserved size: 1073741824
Narrow klass base: 0x0000000000000000, Narrow klass shift: 3, Narrow klass range: 0x140000000

GC Precious Log:
 CPUs: 4 total, 4 available
 Memory: 3818M
 Large Page Support: Disabled
 NUMA Support: Disabled
 Compressed Oops: Enabled (32-bit)
 Alignments: Space 512K, Generation 512K, Heap 2M
 Heap Min Capacity: 100M
 Heap Initial Capacity: 100M
 Heap Max Capacity: 1G
 Pre-touch: Disabled
 Parallel Workers: 4

Heap:
 PSYoungGen      total 29696K, used 21438K [0x00000000eab00000, 0x00000000ecc00000, 0x0000000100000000)
  eden space 25600K, 83% used [0x00000000eab00000,0x00000000ebfefa88,0x00000000ec400000)
  from space 4096K, 0% used [0x00000000ec800000,0x00000000ec800000,0x00000000ecc00000)
  to   space 4096K, 0% used [0x00000000ec400000,0x00000000ec400000,0x00000000ec800000)
 ParOldGen       total 68608K, used 0K [0x00000000c0000000, 0x00000000c4300000, 0x00000000eab00000)
  object space 68608K, 0% used [0x00000000c0000000,0x00000000c0000000,0x00000000c4300000)
 Metaspace       used 12216K, committed 12288K, reserved 1064960K
  class space    used 1240K, committed 1280K, reserved 1048576K

Card table byte_map: [0x0000013515460000,0x0000013515670000] _byte_map_base: 0x0000013514e60000

Marking Bits: (ParMarkBitMap*) 0x00007ffe8f2d3af0
 Begin Bits: [0x0000013527700000, 0x0000013528700000)
 End Bits:   [0x0000013528700000, 0x0000013529700000)

Polling page: 0x0000013515250000

Metaspace:

Usage:
  Non-class:     10.72 MB used.
      Class:      1.21 MB used.
       Both:     11.93 MB used.

Virtual space:
  Non-class space:       16.00 MB reserved,      10.75 MB ( 67%) committed,  2 nodes.
      Class space:        1.00 GB reserved,       1.25 MB ( <1%) committed,  1 nodes.
             Both:        1.02 GB reserved,      12.00 MB (  1%) committed. 

Chunk freelists:
   Non-Class:  304.00 KB
       Class:  2.77 MB
        Both:  3.06 MB

MaxMetaspaceSize: unlimited
CompressedClassSpaceSize: 1.00 GB
Initial GC threshold: 21.00 MB
Current GC threshold: 21.00 MB
CDS: off
MetaspaceReclaimPolicy: balanced
 - commit_granule_bytes: 65536.
 - commit_granule_words: 8192.
 - virtual_space_node_default_size: 1048576.
 - enlarge_chunks_in_place: 1.
 - new_chunks_are_fully_committed: 0.
 - uncommit_free_chunks: 1.
 - use_allocation_guard: 0.
 - handle_deallocations: 1.


Internal statistics:

num_allocs_failed_limit: 0.
num_arena_births: 46.
num_arena_deaths: 0.
num_vsnodes_births: 3.
num_vsnodes_deaths: 0.
num_space_committed: 192.
num_space_uncommitted: 0.
num_chunks_returned_to_freelist: 0.
num_chunks_taken_from_freelist: 168.
num_chunk_merges: 0.
num_chunk_splits: 106.
num_chunks_enlarged: 81.
num_purges: 0.
num_inconsistent_stats: 0.

CodeHeap 'non-profiled nmethods': size=120000Kb used=320Kb max_used=320Kb free=119680Kb
 bounds [0x00000135201d0000, 0x0000013520440000, 0x0000013527700000]
CodeHeap 'profiled nmethods': size=120000Kb used=1809Kb max_used=1809Kb free=118191Kb
 bounds [0x0000013518ca0000, 0x0000013518f10000, 0x00000135201d0000]
CodeHeap 'non-nmethods': size=5760Kb used=1150Kb max_used=1164Kb free=4609Kb
 bounds [0x0000013518700000, 0x0000013518970000, 0x0000013518ca0000]
 total_blobs=1460 nmethods=1029 adapters=346
 compilation: enabled
              stopped_count=0, restarted_count=0
 full_count=0

Compilation events (20 events):
Event: 2.720 Thread 0x00000135298d3450 1021       3       sun.security.provider.DigestBase::engineReset (33 bytes)
Event: 2.720 Thread 0x00000135298d3450 nmethod 1021 0x0000013518e5fc10 code [0x0000013518e5fdc0, 0x0000013518e60058]
Event: 2.721 Thread 0x00000135298d3450 1022       3       org.apache.felix.resolver.util.OpenHashMap$FastEntryIterator::next (5 bytes)
Event: 2.721 Thread 0x00000135298d3450 nmethod 1022 0x0000013518e60110 code [0x0000013518e602c0, 0x0000013518e60508]
Event: 2.721 Thread 0x00000135298d3450 1023       3       org.apache.felix.resolver.util.OpenHashMap$FastEntryIterator::next (16 bytes)
Event: 2.721 Thread 0x00000135298d3450 nmethod 1023 0x0000013518e60610 code [0x0000013518e607c0, 0x0000013518e609a8]
Event: 2.721 Thread 0x00000135298d3450 1024       3       org.apache.felix.resolver.util.OpenHashMap$MapEntry::getValue (13 bytes)
Event: 2.721 Thread 0x00000135298d3450 nmethod 1024 0x0000013518e60a90 code [0x0000013518e60c20, 0x0000013518e60d58]
Event: 2.723 Thread 0x00000135298d3450 1025       3       java.lang.ClassLoader::definePackage (85 bytes)
Event: 2.724 Thread 0x00000135298d3450 nmethod 1025 0x0000013518e60e90 code [0x0000013518e61160, 0x0000013518e62058]
Event: 2.724 Thread 0x00000135298d3450 1026       3       java.lang.ClassLoader::compareCerts (197 bytes)
Event: 2.724 Thread 0x00000135298d3450 nmethod 1026 0x0000013518e62510 code [0x0000013518e62720, 0x0000013518e62fb8]
Event: 2.724 Thread 0x00000135298d3450 1027       1       org.eclipse.osgi.container.ModuleCapability::getDirectives (5 bytes)
Event: 2.725 Thread 0x00000135298d3450 nmethod 1027 0x000001352021fa10 code [0x000001352021fba0, 0x000001352021fc78]
Event: 2.725 Thread 0x00000135298d3450 1028       1       java.util.Collections$EmptyMap::get (2 bytes)
Event: 2.725 Thread 0x00000135298d3450 nmethod 1028 0x000001352021fd10 code [0x000001352021fea0, 0x000001352021ff78]
Event: 2.725 Thread 0x00000135298d3450 1029       3       org.eclipse.osgi.internal.container.NamespaceList$Builder$1::hasNext (66 bytes)
Event: 2.726 Thread 0x00000135298d3450 nmethod 1029 0x0000013518e63290 code [0x0000013518e634a0, 0x0000013518e63bc8]
Event: 2.726 Thread 0x00000135298d3450 1030       3       org.eclipse.osgi.internal.container.NamespaceList$Builder$1::next (25 bytes)
Event: 2.726 Thread 0x00000135298d3450 nmethod 1030 0x0000013518e63d90 code [0x0000013518e63f60, 0x0000013518e64288]

GC Heap History (0 events):
No events

Deoptimization events (20 events):
Event: 1.415 Thread 0x0000013515a73ff0 DEOPT PACKING pc=0x00000135201f51f0 sp=0x00000016230fda20
Event: 1.415 Thread 0x0000013515a73ff0 DEOPT UNPACKING pc=0x0000013518755923 sp=0x00000016230fd938 mode 2
Event: 1.415 Thread 0x0000013515a73ff0 Uncommon trap: trap_request=0xffffffde fr.pc=0x00000135201f51f0 relative=0x0000000000000a30
Event: 1.415 Thread 0x0000013515a73ff0 Uncommon trap: reason=class_check action=maybe_recompile pc=0x00000135201f51f0 method=java.util.HashMap.putVal(ILjava/lang/Object;Ljava/lang/Object;ZZ)Ljava/lang/Object; @ 203 c2
Event: 1.415 Thread 0x0000013515a73ff0 DEOPT PACKING pc=0x00000135201f51f0 sp=0x00000016230fda20
Event: 1.415 Thread 0x0000013515a73ff0 DEOPT UNPACKING pc=0x0000013518755923 sp=0x00000016230fd938 mode 2
Event: 1.576 Thread 0x0000013515a73ff0 Uncommon trap: trap_request=0xffffff45 fr.pc=0x00000135202036d8 relative=0x0000000000000a18
Event: 1.576 Thread 0x0000013515a73ff0 Uncommon trap: reason=unstable_if action=reinterpret pc=0x00000135202036d8 method=java.util.HashMap.hash(Ljava/lang/Object;)I @ 1 c2
Event: 1.576 Thread 0x0000013515a73ff0 DEOPT PACKING pc=0x00000135202036d8 sp=0x00000016230fe0e0
Event: 1.576 Thread 0x0000013515a73ff0 DEOPT UNPACKING pc=0x0000013518755923 sp=0x00000016230fe050 mode 2
Event: 1.580 Thread 0x0000013515a73ff0 DEOPT PACKING pc=0x0000013518d3788c sp=0x00000016230fd2d0
Event: 1.580 Thread 0x0000013515a73ff0 DEOPT UNPACKING pc=0x0000013518756463 sp=0x00000016230fc760 mode 0
Event: 2.376 Thread 0x0000013515a73ff0 Uncommon trap: trap_request=0xffffff45 fr.pc=0x00000135201fb4f0 relative=0x0000000000000550
Event: 2.376 Thread 0x0000013515a73ff0 Uncommon trap: reason=unstable_if action=reinterpret pc=0x00000135201fb4f0 method=java.lang.String.<init>([BIILjava/nio/charset/Charset;)V @ 18 c2
Event: 2.376 Thread 0x0000013515a73ff0 DEOPT PACKING pc=0x00000135201fb4f0 sp=0x00000016230fdd00
Event: 2.376 Thread 0x0000013515a73ff0 DEOPT UNPACKING pc=0x0000013518755923 sp=0x00000016230fdcb0 mode 2
Event: 2.536 Thread 0x0000013515a73ff0 Uncommon trap: trap_request=0xffffff45 fr.pc=0x00000135201f7804 relative=0x0000000000000084
Event: 2.536 Thread 0x0000013515a73ff0 Uncommon trap: reason=unstable_if action=reinterpret pc=0x00000135201f7804 method=java.lang.invoke.VarForm.getMemberNameOrNull(I)Ljava/lang/invoke/MemberName; @ 8 c2
Event: 2.536 Thread 0x0000013515a73ff0 DEOPT PACKING pc=0x00000135201f7804 sp=0x00000016230fdac0
Event: 2.536 Thread 0x0000013515a73ff0 DEOPT UNPACKING pc=0x0000013518755923 sp=0x00000016230fd9e8 mode 2

Classes unloaded (0 events):
No events

Classes redefined (0 events):
No events

Internal exceptions (20 events):
Event: 0.993 Thread 0x0000013515a73ff0 Exception <a 'java/io/FileNotFoundException'{0x00000000eaf89f08}> (0x00000000eaf89f08) 
thrown [e:\jenkins\tmp\workspace\build\src\src\hotspot\share\prims\jni.cpp, line 516]
Event: 0.999 Thread 0x0000013515a73ff0 Exception <a 'java/io/FileNotFoundException'{0x00000000eafab6c8}> (0x00000000eafab6c8) 
thrown [e:\jenkins\tmp\workspace\build\src\src\hotspot\share\prims\jni.cpp, line 516]
Event: 1.025 Thread 0x0000013515a73ff0 Exception <a 'sun/nio/fs/WindowsException'{0x00000000eafd96f0}> (0x00000000eafd96f0) 
thrown [e:\jenkins\tmp\workspace\build\src\src\hotspot\share\prims\jni.cpp, line 516]
Event: 1.025 Thread 0x0000013515a73ff0 Exception <a 'sun/nio/fs/WindowsException'{0x00000000eafda0f0}> (0x00000000eafda0f0) 
thrown [e:\jenkins\tmp\workspace\build\src\src\hotspot\share\prims\jni.cpp, line 516]
Event: 1.026 Thread 0x0000013515a73ff0 Exception <a 'sun/nio/fs/WindowsException'{0x00000000eafda6e0}> (0x00000000eafda6e0) 
thrown [e:\jenkins\tmp\workspace\build\src\src\hotspot\share\prims\jni.cpp, line 516]
Event: 1.026 Thread 0x0000013515a73ff0 Exception <a 'sun/nio/fs/WindowsException'{0x00000000eafdae68}> (0x00000000eafdae68) 
thrown [e:\jenkins\tmp\workspace\build\src\src\hotspot\share\prims\jni.cpp, line 516]
Event: 1.491 Thread 0x0000013515a73ff0 Exception <a 'java/lang/ClassNotFoundException'{0x00000000eb643f08}: sun/net/www/protocol/c/Handler> (0x00000000eb643f08) 
thrown [e:\jenkins\tmp\workspace\build\src\src\hotspot\share\classfile\systemDictionary.cpp, line 256]
Event: 1.511 Thread 0x0000013515a73ff0 Exception <a 'java/lang/ClassNotFoundException'{0x00000000eb645280}: sun/net/www/protocol/c/Handler> (0x00000000eb645280) 
thrown [e:\jenkins\tmp\workspace\build\src\src\hotspot\share\classfile\systemDictionary.cpp, line 256]
Event: 1.512 Thread 0x0000013515a73ff0 Exception <a 'java/lang/ClassNotFoundException'{0x00000000eb646470}: sun/net/www/protocol/c/Handler> (0x00000000eb646470) 
thrown [e:\jenkins\tmp\workspace\build\src\src\hotspot\share\classfile\systemDictionary.cpp, line 256]
Event: 1.523 Thread 0x0000013515a73ff0 Exception <a 'java/io/FileNotFoundException'{0x00000000eb65ff68}> (0x00000000eb65ff68) 
thrown [e:\jenkins\tmp\workspace\build\src\src\hotspot\share\prims\jni.cpp, line 516]
Event: 1.576 Thread 0x0000013515a73ff0 Implicit null exception at 0x0000013520202cfb to 0x00000135202036c0
Event: 1.741 Thread 0x0000013515a73ff0 Exception <a 'java/lang/NoSuchMethodError'{0x00000000eb8395e0}: 'int java.lang.invoke.DirectMethodHandle$Holder.invokeStaticInit(java.lang.Object, java.lang.Object, java.lang.Object, java.lang.Object)'> (0x00000000eb8395e0) 
thrown [e:\jenkins\tmp\workspace\build\src\src\hotspot\share\interpreter\linkResolver.cpp, line 766]
Event: 1.765 Thread 0x0000013515a73ff0 Exception <a 'java/lang/NoSuchMethodError'{0x00000000eb843c50}: 'java.lang.Object java.lang.invoke.DirectMethodHandle$Holder.invokeInterface(java.lang.Object, java.lang.Object)'> (0x00000000eb843c50) 
thrown [e:\jenkins\tmp\workspace\build\src\src\hotspot\share\interpreter\linkResolver.cpp, line 766]
Event: 1.766 Thread 0x0000013515a73ff0 Exception <a 'java/lang/IncompatibleClassChangeError'{0x00000000eb847448}: Found class java.lang.Object, but interface was expected> (0x00000000eb847448) 
thrown [e:\jenkins\tmp\workspace\build\src\src\hotspot\share\interpreter\linkResolver.cpp, line 833]
Event: 1.789 Thread 0x0000013515a73ff0 Exception <a 'java/lang/NoSuchMethodError'{0x00000000eb84a368}: 'void java.lang.invoke.DirectMethodHandle$Holder.invokeStatic(java.lang.Object, java.lang.Object)'> (0x00000000eb84a368) 
thrown [e:\jenkins\tmp\workspace\build\src\src\hotspot\share\interpreter\linkResolver.cpp, line 766]
Event: 1.791 Thread 0x0000013515a73ff0 Exception <a 'java/lang/NoSuchMethodError'{0x00000000eb84db68}: 'void java.lang.invoke.DirectMethodHandle$Holder.invokeStaticInit(java.lang.Object, java.lang.Object)'> (0x00000000eb84db68) 
thrown [e:\jenkins\tmp\workspace\build\src\src\hotspot\share\interpreter\linkResolver.cpp, line 766]
Event: 1.795 Thread 0x0000013515a73ff0 Exception <a 'java/lang/NoSuchMethodError'{0x00000000eb853678}: 'int java.lang.invoke.DirectMethodHandle$Holder.invokeStaticInit(java.lang.Object, java.lang.Object)'> (0x00000000eb853678) 
thrown [e:\jenkins\tmp\workspace\build\src\src\hotspot\share\interpreter\linkResolver.cpp, line 766]
Event: 1.825 Thread 0x0000013515a73ff0 Exception <a 'java/lang/NoSuchMethodError'{0x00000000eb8a3750}: 'java.lang.Object java.lang.invoke.DirectMethodHandle$Holder.invokeStaticInit(java.lang.Object, int, int, int, int)'> (0x00000000eb8a3750) 
thrown [e:\jenkins\tmp\workspace\build\src\src\hotspot\share\interpreter\linkResolver.cpp, line 766]
Event: 2.102 Thread 0x0000013515a73ff0 Exception <a 'java/lang/NoSuchMethodError'{0x00000000eb8bfd60}: 'java.lang.Object java.lang.invoke.DirectMethodHandle$Holder.invokeStaticInit(java.lang.Object, java.lang.Object, int, int, int, int)'> (0x00000000eb8bfd60) 
thrown [e:\jenkins\tmp\workspace\build\src\src\hotspot\share\interpreter\linkResolver.cpp, line 766]
Event: 2.583 Thread 0x0000013515a73ff0 Exception <a 'java/lang/NoSuchMethodError'{0x00000000ebd2bce8}: 'int java.lang.invoke.DirectMethodHandle$Holder.invokeSpecial(java.lang.Object, java.lang.Object, java.lang.Object)'> (0x00000000ebd2bce8) 
thrown [e:\jenkins\tmp\workspace\build\src\src\hotspot\share\interpreter\linkResolver.cpp, line 766]

VM Operations (6 events):
Event: 0.384 Executing VM operation: HandshakeAllThreads
Event: 0.384 Executing VM operation: HandshakeAllThreads done
Event: 1.390 Executing VM operation: Cleanup
Event: 1.390 Executing VM operation: Cleanup done
Event: 1.887 Executing VM operation: HandshakeAllThreads
Event: 1.887 Executing VM operation: HandshakeAllThreads done

Events (20 events):
Event: 2.670 loading class java/util/concurrent/Executors$RunnableAdapter
Event: 2.670 loading class java/util/concurrent/Executors$RunnableAdapter done
Event: 2.673 loading class java/util/concurrent/ThreadPoolExecutor$CallerRunsPolicy
Event: 2.673 loading class java/util/concurrent/ThreadPoolExecutor$CallerRunsPolicy done
Event: 2.673 loading class java/util/concurrent/ThreadPoolExecutor
Event: 2.674 loading class java/util/concurrent/AbstractExecutorService
Event: 2.687 loading class java/util/concurrent/ExecutorService
Event: 2.687 loading class java/util/concurrent/ExecutorService done
Event: 2.687 loading class java/util/concurrent/AbstractExecutorService done
Event: 2.687 loading class java/util/concurrent/ThreadPoolExecutor done
Event: 2.687 loading class java/util/concurrent/ThreadPoolExecutor$AbortPolicy
Event: 2.687 loading class java/util/concurrent/ThreadPoolExecutor$AbortPolicy done
Event: 2.687 loading class java/util/concurrent/ThreadPoolExecutor$Worker
Event: 2.688 loading class java/util/concurrent/ThreadPoolExecutor$Worker done
Event: 2.688 loading class java/lang/Thread$State
Event: 2.688 loading class java/lang/Thread$State done
Event: 2.688 Thread 0x000001352ba09db0 Thread added: 0x000001352ba09db0
Event: 2.701 Thread 0x000001352b8353e0 Thread added: 0x000001352b8353e0
Event: 2.707 Thread 0x000001352b8358b0 Thread added: 0x000001352b8358b0
Event: 2.715 Thread 0x000001352b835d80 Thread added: 0x000001352b835d80


Dynamic libraries:
0x00007ff6b5bb0000 - 0x00007ff6b5bbe000 	c:\Users\Taylanne\.vscode\extensions\redhat.java-1.4.0-win32-x64\jre\17.0.2-win32-x86_64\bin\java.exe
0x00007ffef2650000 - 0x00007ffef2845000 	C:\Windows\SYSTEM32\ntdll.dll
0x00007ffef1280000 - 0x00007ffef133e000 	C:\Windows\System32\KERNEL32.DLL
0x00007ffef01c0000 - 0x00007ffef0488000 	C:\Windows\System32\KERNELBASE.dll
0x00007ffeefe20000 - 0x00007ffeeff20000 	C:\Windows\System32\ucrtbase.dll
0x00007ffed78a0000 - 0x00007ffed78b9000 	c:\Users\Taylanne\.vscode\extensions\redhat.java-1.4.0-win32-x64\jre\17.0.2-win32-x86_64\bin\VCRUNTIME140.dll
0x00007ffed78c0000 - 0x00007ffed78d8000 	c:\Users\Taylanne\.vscode\extensions\redhat.java-1.4.0-win32-x64\jre\17.0.2-win32-x86_64\bin\jli.dll
0x00007ffef2220000 - 0x00007ffef23c0000 	C:\Windows\System32\USER32.dll
0x00007ffef0030000 - 0x00007ffef0052000 	C:\Windows\System32\win32u.dll
0x00007ffed9750000 - 0x00007ffed99ea000 	C:\Windows\WinSxS\amd64_microsoft.windows.common-controls_6595b64144ccf1df_6.0.19041.1110_none_60b5254171f9507e\COMCTL32.dll
0x00007ffef23e0000 - 0x00007ffef240a000 	C:\Windows\System32\GDI32.dll
0x00007ffef2570000 - 0x00007ffef260e000 	C:\Windows\System32\msvcrt.dll
0x00007ffeeff20000 - 0x00007ffef002b000 	C:\Windows\System32\gdi32full.dll
0x00007ffef0490000 - 0x00007ffef052d000 	C:\Windows\System32\msvcp_win.dll
0x00007ffef0d90000 - 0x00007ffef0dc0000 	C:\Windows\System32\IMM32.DLL
0x00007ffeec8e0000 - 0x00007ffeec8ec000 	c:\Users\Taylanne\.vscode\extensions\redhat.java-1.4.0-win32-x64\jre\17.0.2-win32-x86_64\bin\vcruntime140_1.dll
0x00007ffed7800000 - 0x00007ffed7891000 	c:\Users\Taylanne\.vscode\extensions\redhat.java-1.4.0-win32-x64\jre\17.0.2-win32-x86_64\bin\msvcp140.dll
0x00007ffe8e750000 - 0x00007ffe8f397000 	c:\Users\Taylanne\.vscode\extensions\redhat.java-1.4.0-win32-x64\jre\17.0.2-win32-x86_64\bin\server\jvm.dll
0x00007ffef06b0000 - 0x00007ffef075e000 	C:\Windows\System32\ADVAPI32.dll
0x00007ffef2410000 - 0x00007ffef24ac000 	C:\Windows\System32\sechost.dll
0x00007ffef10f0000 - 0x00007ffef1215000 	C:\Windows\System32\RPCRT4.dll
0x00007ffef0760000 - 0x00007ffef0768000 	C:\Windows\System32\PSAPI.DLL
0x00007ffed93f0000 - 0x00007ffed9417000 	C:\Windows\SYSTEM32\WINMM.dll
0x00007ffeeb420000 - 0x00007ffeeb429000 	C:\Windows\SYSTEM32\WSOCK32.dll
0x00007ffef1fe0000 - 0x00007ffef204b000 	C:\Windows\System32\WS2_32.dll
0x00007ffee46b0000 - 0x00007ffee46ba000 	C:\Windows\SYSTEM32\VERSION.dll
0x00007ffeee620000 - 0x00007ffeee632000 	C:\Windows\SYSTEM32\kernel.appcore.dll
0x00007ffeda890000 - 0x00007ffeda89a000 	c:\Users\Taylanne\.vscode\extensions\redhat.java-1.4.0-win32-x64\jre\17.0.2-win32-x86_64\bin\jimage.dll
0x00007ffeee330000 - 0x00007ffeee514000 	C:\Windows\SYSTEM32\DBGHELP.DLL
0x00007ffee1fc0000 - 0x00007ffee1fec000 	C:\Windows\SYSTEM32\dbgcore.DLL
0x00007ffef05b0000 - 0x00007ffef0632000 	C:\Windows\System32\bcryptPrimitives.dll
0x00007ffed7630000 - 0x00007ffed7655000 	c:\Users\Taylanne\.vscode\extensions\redhat.java-1.4.0-win32-x64\jre\17.0.2-win32-x86_64\bin\java.dll
0x00007ffec79e0000 - 0x00007ffec79f8000 	c:\Users\Taylanne\.vscode\extensions\redhat.java-1.4.0-win32-x64\jre\17.0.2-win32-x86_64\bin\zip.dll
0x00007ffef14d0000 - 0x00007ffef1c14000 	C:\Windows\System32\SHELL32.dll
0x00007ffeedac0000 - 0x00007ffeee254000 	C:\Windows\SYSTEM32\windows.storage.dll
0x00007ffef1c80000 - 0x00007ffef1fd4000 	C:\Windows\System32\combase.dll
0x00007ffeef770000 - 0x00007ffeef79c000 	C:\Windows\SYSTEM32\Wldp.dll
0x00007ffef24b0000 - 0x00007ffef255d000 	C:\Windows\System32\SHCORE.dll
0x00007ffef1c20000 - 0x00007ffef1c75000 	C:\Windows\System32\shlwapi.dll
0x00007ffeefcb0000 - 0x00007ffeefccf000 	C:\Windows\SYSTEM32\profapi.dll
0x00007ffec2670000 - 0x00007ffec2689000 	C:\Users\Taylanne\.vscode\extensions\redhat.java-1.4.0-win32-x64\jre\17.0.2-win32-x86_64\bin\net.dll
0x00007ffeeb090000 - 0x00007ffeeb19a000 	C:\Windows\SYSTEM32\WINHTTP.dll
0x00007ffeef4d0000 - 0x00007ffeef53a000 	C:\Windows\system32\mswsock.dll
0x00007ffec0080000 - 0x00007ffec0095000 	C:\Users\Taylanne\.vscode\extensions\redhat.java-1.4.0-win32-x64\jre\17.0.2-win32-x86_64\bin\nio.dll
0x00007ffeef6c0000 - 0x00007ffeef6d8000 	C:\Windows\SYSTEM32\CRYPTSP.dll
0x00007ffeeedf0000 - 0x00007ffeeee24000 	C:\Windows\system32\rsaenh.dll
0x00007ffef0580000 - 0x00007ffef05a7000 	C:\Windows\System32\bcrypt.dll
0x00007ffeefc30000 - 0x00007ffeefc5e000 	C:\Windows\SYSTEM32\USERENV.dll
0x00007ffef0060000 - 0x00007ffef01b6000 	C:\Windows\System32\CRYPT32.dll
0x00007ffeefb00000 - 0x00007ffeefb0a000 	C:\Windows\SYSTEM32\DPAPI.dll
0x00007ffeef6e0000 - 0x00007ffeef6ec000 	C:\Windows\SYSTEM32\CRYPTBASE.dll
0x00007ffeef160000 - 0x00007ffeef19b000 	C:\Windows\SYSTEM32\IPHLPAPI.DLL
0x00007ffef2560000 - 0x00007ffef2568000 	C:\Windows\System32\NSI.dll
0x00007ffee52f0000 - 0x00007ffee5307000 	C:\Windows\SYSTEM32\dhcpcsvc6.DLL
0x00007ffee52d0000 - 0x00007ffee52ed000 	C:\Windows\SYSTEM32\dhcpcsvc.DLL
0x00007ffeef1a0000 - 0x00007ffeef26b000 	C:\Windows\SYSTEM32\DNSAPI.dll

dbghelp: loaded successfully - version: 4.0.5 - missing functions: none
symbol engine: initialized successfully - sym options: 0x614 - pdb path: .;c:\Users\Taylanne\.vscode\extensions\redhat.java-1.4.0-win32-x64\jre\17.0.2-win32-x86_64\bin;C:\Windows\SYSTEM32;C:\Windows\WinSxS\amd64_microsoft.windows.common-controls_6595b64144ccf1df_6.0.19041.1110_none_60b5254171f9507e;c:\Users\Taylanne\.vscode\extensions\redhat.java-1.4.0-win32-x64\jre\17.0.2-win32-x86_64\bin\server

VM Arguments:
jvm_args: --add-modules=ALL-SYSTEM --add-opens=java.base/java.util=ALL-UNNAMED --add-opens=java.base/java.lang=ALL-UNNAMED --add-opens=java.base/sun.nio.fs=ALL-UNNAMED -Declipse.application=org.eclipse.jdt.ls.core.id1 -Dosgi.bundles.defaultStartLevel=4 -Declipse.product=org.eclipse.jdt.ls.core.product -Djava.import.generatesMetadataFilesAtProjectRoot=false -Dfile.encoding=utf8 -DwatchParentProcess=false -XX:+UseParallelGC -XX:GCTimeRatio=4 -XX:AdaptiveSizePolicyWeight=90 -Dsun.zip.disableMemoryMapping=true -Xmx1G -Xms100m 
java_command: c:\Users\Taylanne\.vscode\extensions\redhat.java-1.4.0-win32-x64\server\plugins\org.eclipse.equinox.launcher_1.6.400.v20210924-0641.jar -configuration c:\Users\Taylanne\AppData\Roaming\Code\User\globalStorage\redhat.java\1.4.0\config_ss_win -data c:\Users\Taylanne\AppData\Roaming\Code\User\workspaceStorage\440ee4b0d056b4a57d7929923ceb5cde\redhat.java\ss_ws
java_class_path (initial): c:\Users\Taylanne\.vscode\extensions\redhat.java-1.4.0-win32-x64\server\plugins\org.eclipse.equinox.launcher_1.6.400.v20210924-0641.jar
Launcher Type: SUN_STANDARD

[Global flags]
    uintx AdaptiveSizePolicyWeight                 = 90                                        {product} {command line}
     intx CICompilerCount                          = 3                                         {product} {ergonomic}
    uintx GCTimeRatio                              = 4                                         {product} {command line}
   size_t InitialHeapSize                          = 104857600                                 {product} {command line}
   size_t MaxHeapSize                              = 1073741824                                {product} {command line}
   size_t MaxNewSize                               = 357564416                                 {product} {ergonomic}
   size_t MinHeapDeltaBytes                        = 524288                                    {product} {ergonomic}
   size_t MinHeapSize                              = 104857600                                 {product} {command line}
   size_t NewSize                                  = 34603008                                  {product} {ergonomic}
    uintx NonNMethodCodeHeapSize                   = 5832780                                {pd product} {ergonomic}
    uintx NonProfiledCodeHeapSize                  = 122912730                              {pd product} {ergonomic}
   size_t OldSize                                  = 70254592                                  {product} {ergonomic}
    uintx ProfiledCodeHeapSize                     = 122912730                              {pd product} {ergonomic}
    uintx ReservedCodeCacheSize                    = 251658240                              {pd product} {ergonomic}
     bool SegmentedCodeCache                       = true                                      {product} {ergonomic}
   size_t SoftMaxHeapSize                          = 1073741824                             {manageable} {ergonomic}
     bool UseCompressedClassPointers               = true                           {product lp64_product} {ergonomic}
     bool UseCompressedOops                        = true                           {product lp64_product} {ergonomic}
     bool UseLargePagesIndividualAllocation        = false                                  {pd product} {ergonomic}
     bool UseParallelGC                            = true                                      {product} {command line}

Logging:
Log output configuration:
 #0: stdout all=warning uptime,level,tags
 #1: stderr all=off uptime,level,tags

Environment Variables:
PATH=C:\Users\Taylanne\bin;C:\Program Files\Git\mingw64\bin;C:\Program Files\Git\usr\local\bin;C:\Program Files\Git\usr\bin;C:\Program Files\Git\usr\bin;C:\Program Files\Git\mingw64\bin;C:\Program Files\Git\usr\bin;C:\Users\Taylanne\bin;C:\Program Files\Common Files\Oracle\Java\javapath;C:\Windows\system32;C:\Windows;C:\Windows\System32\Wbem;C:\Windows\System32\WindowsPowerShell\v1.0;C:\Windows\System32\OpenSSH;C:\Program Files\Git\cmd;C:\Program Files\nodejs;C:\Users\Taylanne\AppData\Local\Microsoft\WindowsApps;C:\Program Files\heroku\bin;C:\Users\Taylanne\AppData\Local\Programs\Microsoft VS Code\bin;C:\Users\Taylanne\AppData\Roaming\npm;C:\Program Files\Git\usr\bin\vendor_perl;C:\Program Files\Git\usr\bin\core_perl
USERNAME=Taylanne
SHELL=C:\Program Files\Git\usr\bin\bash.exe
DISPLAY=needs-to-be-defined
LC_CTYPE=pt_BR.UTF-8
OS=Windows_NT
PROCESSOR_IDENTIFIER=Intel64 Family 6 Model 140 Stepping 1, GenuineIntel



---------------  S Y S T E M  ---------------

OS:
 Windows 10 , 64 bit Build 19041 (10.0.19041.1645)
OS uptime: 4 days 19:44 hours

CPU: total 4 (initial active 4) (2 cores per cpu, 2 threads per core) family 6 model 140 stepping 1 microcode 0x9a, cx8, cmov, fxsr, ht, mmx, 3dnowpref, sse, sse2, sse3, ssse3, sse4.1, sse4.2, popcnt, lzcnt, tsc, tscinvbit, avx, avx2, aes, erms, clmul, bmi1, bmi2, adx, avx512f, avx512dq, avx512cd, avx512bw, avx512vl, sha, fma, vzeroupper, avx512_vpopcntdq, avx512_vpclmulqdq, avx512_vaes, avx512_vnni, clflush, clflushopt, clwb, avx512_vbmi2, avx512_vbmi

Memory: 4k page, system-wide physical 3818M (324M free)
TotalPageFile size 8785M (AvailPageFile size 0M)
current process WorkingSet (physical memory assigned to process): 66M, peak: 66M
current process commit charge ("private bytes"): 186M, peak: 186M

vm_info: OpenJDK 64-Bit Server VM (17.0.2+8) for windows-amd64 JRE (17.0.2+8), built on Jan 20 2022 04:52:34 by "" with MS VC++ 16.7 (VS2019)

END.
