#
# There is insufficient memory for the Java Runtime Environment to continue.
# Native memory allocation (malloc) failed to allocate 600352 bytes for Chunk::new
# Possible reasons:
#   The system is out of physical RAM or swap space
#   The process is running with CompressedOops enabled, and the Java Heap may be blocking the growth of the native heap
# Possible solutions:
#   Reduce memory load on the system
#   Increase physical memory or swap space
#   Check if swap backing store is full
#   Decrease Java heap size (-Xmx/-Xms)
#   Decrease number of Java threads
#   Decrease Java thread stack sizes (-Xss)
#   Set larger code cache with -XX:ReservedCodeCacheSize=
#   JVM is running with Unscaled Compressed Oops mode in which the Java heap is
#     placed in the first 4GB address space. The Java Heap base address is the
#     maximum limit for the native heap growth. Please use -XX:HeapBaseMinAddress
#     to set the Java Heap base and to place the Java Heap above 4GB virtual address.
# This output file may be truncated or incomplete.
#
#  Out of Memory Error (arena.cpp:189), pid=20532, tid=22148
#
# JRE version: OpenJDK Runtime Environment Temurin-17.0.2+8 (17.0.2+8) (build 17.0.2+8)
# Java VM: OpenJDK 64-Bit Server VM Temurin-17.0.2+8 (17.0.2+8, mixed mode, tiered, compressed oops, compressed class ptrs, parallel gc, windows-amd64)
# No core dump will be written. Minidumps are not enabled by default on client versions of Windows
#

---------------  S U M M A R Y ------------

Command Line: --add-modules=ALL-SYSTEM --add-opens=java.base/java.util=ALL-UNNAMED --add-opens=java.base/java.lang=ALL-UNNAMED --add-opens=java.base/sun.nio.fs=ALL-UNNAMED -Declipse.application=org.eclipse.jdt.ls.core.id1 -Dosgi.bundles.defaultStartLevel=4 -Declipse.product=org.eclipse.jdt.ls.core.product -Djava.import.generatesMetadataFilesAtProjectRoot=false -Dfile.encoding=utf8 -DwatchParentProcess=false -XX:+UseParallelGC -XX:GCTimeRatio=4 -XX:AdaptiveSizePolicyWeight=90 -Dsun.zip.disableMemoryMapping=true -Xmx1G -Xms100m c:\Users\Taylanne\.vscode\extensions\redhat.java-1.4.0-win32-x64\server\plugins\org.eclipse.equinox.launcher_1.6.400.v20210924-0641.jar -configuration c:\Users\Taylanne\AppData\Roaming\Code\User\globalStorage\redhat.java\1.4.0\config_ss_win -data c:\Users\Taylanne\AppData\Roaming\Code\User\workspaceStorage\440ee4b0d056b4a57d7929923ceb5cde\redhat.java\ss_ws

Host: Intel(R) Pentium(R) Gold 7505 @ 2.00GHz, 4 cores, 3G,  Windows 10 , 64 bit Build 19041 (10.0.19041.1645)
Time: Tue May 17 10:10:56 2022 Hora oficial do Brasil elapsed time: 1.437583 seconds (0d 0h 0m 1s)

---------------  T H R E A D  ---------------

Current thread (0x0000011a3a655bf0):  JavaThread "C2 CompilerThread0" daemon [_thread_in_native, id=22148, stack(0x00000014b2400000,0x00000014b2500000)]


Current CompileTask:
C2:   1437  535   !   4       java.util.jar.Attributes::read (498 bytes)

Stack: [0x00000014b2400000,0x00000014b2500000]
Native frames: (J=compiled Java code, j=interpreted, Vv=VM code, C=native code)
V  [jvm.dll+0x67564a]
V  [jvm.dll+0x82fc04]
V  [jvm.dll+0x8313ae]
V  [jvm.dll+0x831a13]
V  [jvm.dll+0x245235]
V  [jvm.dll+0xabd7b]
V  [jvm.dll+0xac30c]
V  [jvm.dll+0x3631f7]
V  [jvm.dll+0x32d891]
V  [jvm.dll+0x32cd3a]
V  [jvm.dll+0x2180d1]
V  [jvm.dll+0x2174f1]
V  [jvm.dll+0x1a3a8d]
V  [jvm.dll+0x226ef8]
V  [jvm.dll+0x22503c]
V  [jvm.dll+0x7e596b]
V  [jvm.dll+0x7dff2a]
V  [jvm.dll+0x6744d5]
C  [ucrtbase.dll+0x21bb2]
C  [KERNEL32.DLL+0x17034]
C  [ntdll.dll+0x52651]


---------------  P R O C E S S  ---------------

Threads class SMR info:
_java_thread_list=0x0000011a3c1e1b30, length=12, elements={
0x0000011a247ee7a0, 0x0000011a3a613740, 0x0000011a3a615300, 0x0000011a3a624790,
0x0000011a3a625340, 0x0000011a3a625ef0, 0x0000011a3a6288b0, 0x0000011a3a655bf0,
0x0000011a3c028880, 0x0000011a3c02d850, 0x0000011a24961f50, 0x0000011a3c217f10
}

Java Threads: ( => current thread )
  0x0000011a247ee7a0 JavaThread "main" [_thread_in_vm, id=26964, stack(0x00000014b1b00000,0x00000014b1c00000)]
  0x0000011a3a613740 JavaThread "Reference Handler" daemon [_thread_blocked, id=13892, stack(0x00000014b1e00000,0x00000014b1f00000)]
  0x0000011a3a615300 JavaThread "Finalizer" daemon [_thread_blocked, id=28416, stack(0x00000014b1f00000,0x00000014b2000000)]
  0x0000011a3a624790 JavaThread "Signal Dispatcher" daemon [_thread_blocked, id=26172, stack(0x00000014b2000000,0x00000014b2100000)]
  0x0000011a3a625340 JavaThread "Attach Listener" daemon [_thread_blocked, id=28356, stack(0x00000014b2100000,0x00000014b2200000)]
  0x0000011a3a625ef0 JavaThread "Service Thread" daemon [_thread_blocked, id=27880, stack(0x00000014b2200000,0x00000014b2300000)]
  0x0000011a3a6288b0 JavaThread "Monitor Deflation Thread" daemon [_thread_blocked, id=19988, stack(0x00000014b2300000,0x00000014b2400000)]
=>0x0000011a3a655bf0 JavaThread "C2 CompilerThread0" daemon [_thread_in_native, id=22148, stack(0x00000014b2400000,0x00000014b2500000)]
  0x0000011a3c028880 JavaThread "C1 CompilerThread0" daemon [_thread_blocked, id=12748, stack(0x00000014b2500000,0x00000014b2600000)]
  0x0000011a3c02d850 JavaThread "Sweeper thread" daemon [_thread_blocked, id=28568, stack(0x00000014b2600000,0x00000014b2700000)]
  0x0000011a24961f50 JavaThread "Common-Cleaner" daemon [_thread_blocked, id=28300, stack(0x00000014b2700000,0x00000014b2800000)]
  0x0000011a3c217f10 JavaThread "Notification Thread" daemon [_thread_blocked, id=2332, stack(0x00000014b2800000,0x00000014b2900000)]

Other Threads:
  0x0000011a3a5fc1b0 VMThread "VM Thread" [stack: 0x00000014b1d00000,0x00000014b1e00000] [id=13212]
  0x0000011a3c2183e0 WatcherThread [stack: 0x00000014b2900000,0x00000014b2a00000] [id=28204]
  0x0000011a248b9d80 GCTaskThread "GC Thread#0" [stack: 0x00000014b1c00000,0x00000014b1d00000] [id=9508]

Threads with active compile tasks:
C2 CompilerThread0     1453  535   !   4       java.util.jar.Attributes::read (498 bytes)

VM state: not at safepoint (normal execution)

VM Mutex/Monitor currently owned by a thread:  ([mutex/lock_event])
[0x0000011a248a21e0] SystemDictionary_lock - owner thread: 0x0000011a247ee7a0

Heap address: 0x00000000c0000000, size: 1024 MB, Compressed Oops mode: 32-bit

CDS archive(s) not mapped
Compressed class space mapped at: 0x0000000100000000-0x0000000140000000, reserved size: 1073741824
Narrow klass base: 0x0000000000000000, Narrow klass shift: 3, Narrow klass range: 0x140000000

GC Precious Log:
 CPUs: 4 total, 4 available
 Memory: 3818M
 Large Page Support: Disabled
 NUMA Support: Disabled
 Compressed Oops: Enabled (32-bit)
 Alignments: Space 512K, Generation 512K, Heap 2M
 Heap Min Capacity: 100M
 Heap Initial Capacity: 100M
 Heap Max Capacity: 1G
 Pre-touch: Disabled
 Parallel Workers: 4

Heap:
 PSYoungGen      total 29696K, used 11631K [0x00000000eab00000, 0x00000000ecc00000, 0x0000000100000000)
  eden space 25600K, 45% used [0x00000000eab00000,0x00000000eb65bf80,0x00000000ec400000)
  from space 4096K, 0% used [0x00000000ec800000,0x00000000ec800000,0x00000000ecc00000)
  to   space 4096K, 0% used [0x00000000ec400000,0x00000000ec400000,0x00000000ec800000)
 ParOldGen       total 68608K, used 0K [0x00000000c0000000, 0x00000000c4300000, 0x00000000eab00000)
  object space 68608K, 0% used [0x00000000c0000000,0x00000000c0000000,0x00000000c4300000)
 Metaspace       used 9032K, committed 9216K, reserved 1064960K
  class space    used 900K, committed 960K, reserved 1048576K

Card table byte_map: [0x0000011a37f00000,0x0000011a38110000] _byte_map_base: 0x0000011a37900000

Marking Bits: (ParMarkBitMap*) 0x00007ffe8f2d3af0
 Begin Bits: [0x0000011a38270000, 0x0000011a39270000)
 End Bits:   [0x0000011a39270000, 0x0000011a3a270000)

Polling page: 0x0000011a24980000

Metaspace:

Usage:
  Non-class:      7.94 MB used.
      Class:    900.45 KB used.
       Both:      8.82 MB used.

Virtual space:
  Non-class space:       16.00 MB reserved,       8.06 MB ( 50%) committed,  2 nodes.
      Class space:        1.00 GB reserved,     960.00 KB ( <1%) committed,  1 nodes.
             Both:        1.02 GB reserved,       9.00 MB ( <1%) committed. 

Chunk freelists:
   Non-Class:  3.92 MB
       Class:  2.97 MB
        Both:  6.89 MB

MaxMetaspaceSize: unlimited
CompressedClassSpaceSize: 1.00 GB
Initial GC threshold: 21.00 MB
Current GC threshold: 21.00 MB
CDS: off
MetaspaceReclaimPolicy: balanced
 - commit_granule_bytes: 65536.
 - commit_granule_words: 8192.
 - virtual_space_node_default_size: 1048576.
 - enlarge_chunks_in_place: 1.
 - new_chunks_are_fully_committed: 0.
 - uncommit_free_chunks: 1.
 - use_allocation_guard: 0.
 - handle_deallocations: 1.


Internal statistics:

num_allocs_failed_limit: 0.
num_arena_births: 12.
num_arena_deaths: 0.
num_vsnodes_births: 3.
num_vsnodes_deaths: 0.
num_space_committed: 144.
num_space_uncommitted: 0.
num_chunks_returned_to_freelist: 0.
num_chunks_taken_from_freelist: 50.
num_chunk_merges: 0.
num_chunk_splits: 23.
num_chunks_enlarged: 17.
num_purges: 0.
num_inconsistent_stats: 0.

CodeHeap 'non-profiled nmethods': size=120000Kb used=170Kb max_used=170Kb free=119829Kb
 bounds [0x0000011a307f0000, 0x0000011a30a60000, 0x0000011a37d20000]
CodeHeap 'profiled nmethods': size=120000Kb used=948Kb max_used=948Kb free=119051Kb
 bounds [0x0000011a292c0000, 0x0000011a29530000, 0x0000011a307f0000]
CodeHeap 'non-nmethods': size=5760Kb used=1134Kb max_used=1151Kb free=4625Kb
 bounds [0x0000011a28d20000, 0x0000011a28f90000, 0x0000011a292c0000]
 total_blobs=980 nmethods=570 adapters=325
 compilation: enabled
              stopped_count=0, restarted_count=0
 full_count=0

Compilation events (20 events):
Event: 1.406 Thread 0x0000011a3c028880  549       3       java.util.LinkedHashMap$LinkedEntryIterator::<init> (11 bytes)
Event: 1.406 Thread 0x0000011a3c028880 nmethod 549 0x0000011a293a2710 code [0x0000011a293a28c0, 0x0000011a293a2af8]
Event: 1.406 Thread 0x0000011a3c028880  550       3       java.util.LinkedHashMap::<init> (16 bytes)
Event: 1.406 Thread 0x0000011a3c028880 nmethod 550 0x0000011a293a2c10 code [0x0000011a293a2dc0, 0x0000011a293a3028]
Event: 1.406 Thread 0x0000011a3c028880  551       3       java.util.jar.Attributes::clone (9 bytes)
Event: 1.407 Thread 0x0000011a3c028880 nmethod 551 0x0000011a293a3190 code [0x0000011a293a3360, 0x0000011a293a37e8]
Event: 1.409 Thread 0x0000011a3c028880  554       3       java.lang.String::endsWith (15 bytes)
Event: 1.410 Thread 0x0000011a3c028880 nmethod 554 0x0000011a293a3990 code [0x0000011a293a3b60, 0x0000011a293a3ea8]
Event: 1.411 Thread 0x0000011a3c028880  555       3       sun.security.util.DerOutputStream::putLength (147 bytes)
Event: 1.412 Thread 0x0000011a3c028880 nmethod 555 0x0000011a293a4090 code [0x0000011a293a4460, 0x0000011a293a6828]
Event: 1.412 Thread 0x0000011a3c028880  556       3       sun.security.util.DerOutputStream::<init> (5 bytes)
Event: 1.413 Thread 0x0000011a3c028880 nmethod 556 0x0000011a293a7790 code [0x0000011a293a7940, 0x0000011a293a7ae8]
Event: 1.413 Thread 0x0000011a3c028880  557       1       java.security.Provider$Service::getClassName (5 bytes)
Event: 1.413 Thread 0x0000011a3c028880 nmethod 557 0x0000011a30819d10 code [0x0000011a30819ea0, 0x0000011a30819f78]
Event: 1.433 Thread 0x0000011a3c028880  559       1       sun.security.x509.X509AttributeName::getSuffix (5 bytes)
Event: 1.433 Thread 0x0000011a3c028880 nmethod 559 0x0000011a3081a010 code [0x0000011a3081a1a0, 0x0000011a3081a278]
Event: 1.434 Thread 0x0000011a3c028880  560       1       sun.security.x509.X509AttributeName::getPrefix (5 bytes)
Event: 1.434 Thread 0x0000011a3c028880 nmethod 560 0x0000011a3081a310 code [0x0000011a3081a4a0, 0x0000011a3081a578]
Event: 1.434 Thread 0x0000011a3c028880  561       3       sun.security.provider.DigestBase::implCompressMultiBlock0 (23 bytes)
Event: 1.434 Thread 0x0000011a3c028880 nmethod 561 0x0000011a293a7b90 code [0x0000011a293a7d40, 0x0000011a293a7fe8]

GC Heap History (0 events):
No events

Deoptimization events (20 events):
Event: 1.407 Thread 0x0000011a247ee7a0 DEOPT PACKING pc=0x0000011a29371980 sp=0x00000014b1bfd4e0
Event: 1.407 Thread 0x0000011a247ee7a0 DEOPT UNPACKING pc=0x0000011a28d76463 sp=0x00000014b1bfc950 mode 0
Event: 1.407 Thread 0x0000011a247ee7a0 DEOPT PACKING pc=0x0000011a29371980 sp=0x00000014b1bfd4e0
Event: 1.407 Thread 0x0000011a247ee7a0 DEOPT UNPACKING pc=0x0000011a28d76463 sp=0x00000014b1bfc950 mode 0
Event: 1.408 Thread 0x0000011a247ee7a0 DEOPT PACKING pc=0x0000011a29371980 sp=0x00000014b1bfd4e0
Event: 1.408 Thread 0x0000011a247ee7a0 DEOPT UNPACKING pc=0x0000011a28d76463 sp=0x00000014b1bfc950 mode 0
Event: 1.408 Thread 0x0000011a247ee7a0 DEOPT PACKING pc=0x0000011a29371980 sp=0x00000014b1bfd4e0
Event: 1.408 Thread 0x0000011a247ee7a0 DEOPT UNPACKING pc=0x0000011a28d76463 sp=0x00000014b1bfc950 mode 0
Event: 1.408 Thread 0x0000011a247ee7a0 DEOPT PACKING pc=0x0000011a29371980 sp=0x00000014b1bfd4e0
Event: 1.408 Thread 0x0000011a247ee7a0 DEOPT UNPACKING pc=0x0000011a28d76463 sp=0x00000014b1bfc950 mode 0
Event: 1.408 Thread 0x0000011a247ee7a0 DEOPT PACKING pc=0x0000011a29371980 sp=0x00000014b1bfd4e0
Event: 1.408 Thread 0x0000011a247ee7a0 DEOPT UNPACKING pc=0x0000011a28d76463 sp=0x00000014b1bfc950 mode 0
Event: 1.408 Thread 0x0000011a247ee7a0 DEOPT PACKING pc=0x0000011a29371980 sp=0x00000014b1bfd4e0
Event: 1.408 Thread 0x0000011a247ee7a0 DEOPT UNPACKING pc=0x0000011a28d76463 sp=0x00000014b1bfc950 mode 0
Event: 1.408 Thread 0x0000011a247ee7a0 DEOPT PACKING pc=0x0000011a29371980 sp=0x00000014b1bfd4e0
Event: 1.408 Thread 0x0000011a247ee7a0 DEOPT UNPACKING pc=0x0000011a28d76463 sp=0x00000014b1bfc950 mode 0
Event: 1.409 Thread 0x0000011a247ee7a0 DEOPT PACKING pc=0x0000011a29371980 sp=0x00000014b1bfd4e0
Event: 1.409 Thread 0x0000011a247ee7a0 DEOPT UNPACKING pc=0x0000011a28d76463 sp=0x00000014b1bfc950 mode 0
Event: 1.409 Thread 0x0000011a247ee7a0 DEOPT PACKING pc=0x0000011a29371980 sp=0x00000014b1bfd4e0
Event: 1.409 Thread 0x0000011a247ee7a0 DEOPT UNPACKING pc=0x0000011a28d76463 sp=0x00000014b1bfc950 mode 0

Classes unloaded (0 events):
No events

Classes redefined (0 events):
No events

Internal exceptions (7 events):
Event: 0.581 Thread 0x0000011a247ee7a0 Exception <a 'java/lang/NoSuchMethodError'{0x00000000eacb2340}: 'void java.lang.invoke.DirectMethodHandle$Holder.invokeStatic(java.lang.Object, java.lang.Object, java.lang.Object)'> (0x00000000eacb2340) 
thrown [e:\jenkins\tmp\workspace\build\src\src\hotspot\share\interpreter\linkResolver.cpp, line 766]
Event: 1.156 Thread 0x0000011a247ee7a0 Exception <a 'java/lang/ClassNotFoundException'{0x00000000eaf79040}: sun/net/www/protocol/c/Handler> (0x00000000eaf79040) 
thrown [e:\jenkins\tmp\workspace\build\src\src\hotspot\share\classfile\systemDictionary.cpp, line 256]
Event: 1.179 Thread 0x0000011a247ee7a0 Exception <a 'java/io/FileNotFoundException'{0x00000000eaf87778}> (0x00000000eaf87778) 
thrown [e:\jenkins\tmp\workspace\build\src\src\hotspot\share\prims\jni.cpp, line 516]
Event: 1.180 Thread 0x0000011a247ee7a0 Exception <a 'java/io/FileNotFoundException'{0x00000000eaf884d0}> (0x00000000eaf884d0) 
thrown [e:\jenkins\tmp\workspace\build\src\src\hotspot\share\prims\jni.cpp, line 516]
Event: 1.180 Thread 0x0000011a247ee7a0 Exception <a 'java/io/FileNotFoundException'{0x00000000eaf89210}> (0x00000000eaf89210) 
thrown [e:\jenkins\tmp\workspace\build\src\src\hotspot\share\prims\jni.cpp, line 516]
Event: 1.180 Thread 0x0000011a247ee7a0 Exception <a 'java/io/FileNotFoundException'{0x00000000eaf89f30}> (0x00000000eaf89f30) 
thrown [e:\jenkins\tmp\workspace\build\src\src\hotspot\share\prims\jni.cpp, line 516]
Event: 1.191 Thread 0x0000011a247ee7a0 Exception <a 'java/io/FileNotFoundException'{0x00000000eafab680}> (0x00000000eafab680) 
thrown [e:\jenkins\tmp\workspace\build\src\src\hotspot\share\prims\jni.cpp, line 516]

VM Operations (2 events):
Event: 0.586 Executing VM operation: HandshakeAllThreads
Event: 0.586 Executing VM operation: HandshakeAllThreads done

Events (20 events):
Event: 1.381 loading class jdk/internal/org/objectweb/asm/Edge
Event: 1.381 loading class jdk/internal/org/objectweb/asm/Edge done
Event: 1.383 loading class java/lang/reflect/Proxy$ProxyBuilder$1
Event: 1.383 loading class java/lang/reflect/Proxy$ProxyBuilder$1 done
Event: 1.383 loading class java/lang/annotation/Target
Event: 1.383 loading class java/lang/annotation/Target done
Event: 1.385 loading class java/lang/ClassFormatError
Event: 1.385 loading class java/lang/ClassFormatError done
Event: 1.389 loading class java/util/NoSuchElementException
Event: 1.389 loading class java/util/NoSuchElementException done
Event: 1.396 loading class java/io/Reader
Event: 1.396 loading class java/io/Reader done
Event: 1.396 loading class java/io/InputStreamReader
Event: 1.396 loading class java/io/InputStreamReader done
Event: 1.397 loading class java/net/URLClassLoader$2
Event: 1.397 loading class java/net/URLClassLoader$2 done
Event: 1.400 loading class sun/net/www/protocol/jar/URLJarFile$URLJarFileEntry
Event: 1.400 loading class sun/net/www/protocol/jar/URLJarFile$URLJarFileEntry done
Event: 1.400 loading class sun/net/www/protocol/jar/JarURLConnection$JarURLInputStream
Event: 1.400 loading class sun/net/www/protocol/jar/JarURLConnection$JarURLInputStream done


Dynamic libraries:
0x00007ff6b5bb0000 - 0x00007ff6b5bbe000 	c:\Users\Taylanne\.vscode\extensions\redhat.java-1.4.0-win32-x64\jre\17.0.2-win32-x86_64\bin\java.exe
0x00007ffef2650000 - 0x00007ffef2845000 	C:\Windows\SYSTEM32\ntdll.dll
0x00007ffef1280000 - 0x00007ffef133e000 	C:\Windows\System32\KERNEL32.DLL
0x00007ffef01c0000 - 0x00007ffef0488000 	C:\Windows\System32\KERNELBASE.dll
0x00007ffeefe20000 - 0x00007ffeeff20000 	C:\Windows\System32\ucrtbase.dll
0x00007ffed78c0000 - 0x00007ffed78d8000 	c:\Users\Taylanne\.vscode\extensions\redhat.java-1.4.0-win32-x64\jre\17.0.2-win32-x86_64\bin\jli.dll
0x00007ffed78a0000 - 0x00007ffed78b9000 	c:\Users\Taylanne\.vscode\extensions\redhat.java-1.4.0-win32-x64\jre\17.0.2-win32-x86_64\bin\VCRUNTIME140.dll
0x00007ffef2220000 - 0x00007ffef23c0000 	C:\Windows\System32\USER32.dll
0x00007ffef0030000 - 0x00007ffef0052000 	C:\Windows\System32\win32u.dll
0x00007ffef23e0000 - 0x00007ffef240a000 	C:\Windows\System32\GDI32.dll
0x00007ffeeff20000 - 0x00007ffef002b000 	C:\Windows\System32\gdi32full.dll
0x00007ffef0490000 - 0x00007ffef052d000 	C:\Windows\System32\msvcp_win.dll
0x00007ffed9750000 - 0x00007ffed99ea000 	C:\Windows\WinSxS\amd64_microsoft.windows.common-controls_6595b64144ccf1df_6.0.19041.1110_none_60b5254171f9507e\COMCTL32.dll
0x00007ffef2570000 - 0x00007ffef260e000 	C:\Windows\System32\msvcrt.dll
0x00007ffef0d90000 - 0x00007ffef0dc0000 	C:\Windows\System32\IMM32.DLL
0x00007ffeec8e0000 - 0x00007ffeec8ec000 	c:\Users\Taylanne\.vscode\extensions\redhat.java-1.4.0-win32-x64\jre\17.0.2-win32-x86_64\bin\vcruntime140_1.dll
0x00007ffed7800000 - 0x00007ffed7891000 	c:\Users\Taylanne\.vscode\extensions\redhat.java-1.4.0-win32-x64\jre\17.0.2-win32-x86_64\bin\msvcp140.dll
0x00007ffe8e750000 - 0x00007ffe8f397000 	c:\Users\Taylanne\.vscode\extensions\redhat.java-1.4.0-win32-x64\jre\17.0.2-win32-x86_64\bin\server\jvm.dll
0x00007ffef06b0000 - 0x00007ffef075e000 	C:\Windows\System32\ADVAPI32.dll
0x00007ffef2410000 - 0x00007ffef24ac000 	C:\Windows\System32\sechost.dll
0x00007ffef10f0000 - 0x00007ffef1215000 	C:\Windows\System32\RPCRT4.dll
0x00007ffef0760000 - 0x00007ffef0768000 	C:\Windows\System32\PSAPI.DLL
0x00007ffed93f0000 - 0x00007ffed9417000 	C:\Windows\SYSTEM32\WINMM.dll
0x00007ffee46b0000 - 0x00007ffee46ba000 	C:\Windows\SYSTEM32\VERSION.dll
0x00007ffeeb420000 - 0x00007ffeeb429000 	C:\Windows\SYSTEM32\WSOCK32.dll
0x00007ffef1fe0000 - 0x00007ffef204b000 	C:\Windows\System32\WS2_32.dll
0x00007ffeee620000 - 0x00007ffeee632000 	C:\Windows\SYSTEM32\kernel.appcore.dll
0x00007ffeda890000 - 0x00007ffeda89a000 	c:\Users\Taylanne\.vscode\extensions\redhat.java-1.4.0-win32-x64\jre\17.0.2-win32-x86_64\bin\jimage.dll
0x00007ffeee330000 - 0x00007ffeee514000 	C:\Windows\SYSTEM32\DBGHELP.DLL
0x00007ffee1fc0000 - 0x00007ffee1fec000 	C:\Windows\SYSTEM32\dbgcore.DLL
0x00007ffef05b0000 - 0x00007ffef0632000 	C:\Windows\System32\bcryptPrimitives.dll
0x00007ffed7630000 - 0x00007ffed7655000 	c:\Users\Taylanne\.vscode\extensions\redhat.java-1.4.0-win32-x64\jre\17.0.2-win32-x86_64\bin\java.dll
0x00007ffec79e0000 - 0x00007ffec79f8000 	c:\Users\Taylanne\.vscode\extensions\redhat.java-1.4.0-win32-x64\jre\17.0.2-win32-x86_64\bin\zip.dll
0x00007ffef14d0000 - 0x00007ffef1c14000 	C:\Windows\System32\SHELL32.dll
0x00007ffeedac0000 - 0x00007ffeee254000 	C:\Windows\SYSTEM32\windows.storage.dll
0x00007ffef1c80000 - 0x00007ffef1fd4000 	C:\Windows\System32\combase.dll
0x00007ffeef770000 - 0x00007ffeef79c000 	C:\Windows\SYSTEM32\Wldp.dll
0x00007ffef24b0000 - 0x00007ffef255d000 	C:\Windows\System32\SHCORE.dll
0x00007ffef1c20000 - 0x00007ffef1c75000 	C:\Windows\System32\shlwapi.dll
0x00007ffeefcb0000 - 0x00007ffeefccf000 	C:\Windows\SYSTEM32\profapi.dll
0x00007ffec2670000 - 0x00007ffec2689000 	C:\Users\Taylanne\.vscode\extensions\redhat.java-1.4.0-win32-x64\jre\17.0.2-win32-x86_64\bin\net.dll
0x00007ffeeb090000 - 0x00007ffeeb19a000 	C:\Windows\SYSTEM32\WINHTTP.dll
0x00007ffeef4d0000 - 0x00007ffeef53a000 	C:\Windows\system32\mswsock.dll
0x00007ffec0080000 - 0x00007ffec0095000 	C:\Users\Taylanne\.vscode\extensions\redhat.java-1.4.0-win32-x64\jre\17.0.2-win32-x86_64\bin\nio.dll

dbghelp: loaded successfully - version: 4.0.5 - missing functions: none
symbol engine: initialized successfully - sym options: 0x614 - pdb path: .;c:\Users\Taylanne\.vscode\extensions\redhat.java-1.4.0-win32-x64\jre\17.0.2-win32-x86_64\bin;C:\Windows\SYSTEM32;C:\Windows\WinSxS\amd64_microsoft.windows.common-controls_6595b64144ccf1df_6.0.19041.1110_none_60b5254171f9507e;c:\Users\Taylanne\.vscode\extensions\redhat.java-1.4.0-win32-x64\jre\17.0.2-win32-x86_64\bin\server

VM Arguments:
jvm_args: --add-modules=ALL-SYSTEM --add-opens=java.base/java.util=ALL-UNNAMED --add-opens=java.base/java.lang=ALL-UNNAMED --add-opens=java.base/sun.nio.fs=ALL-UNNAMED -Declipse.application=org.eclipse.jdt.ls.core.id1 -Dosgi.bundles.defaultStartLevel=4 -Declipse.product=org.eclipse.jdt.ls.core.product -Djava.import.generatesMetadataFilesAtProjectRoot=false -Dfile.encoding=utf8 -DwatchParentProcess=false -XX:+UseParallelGC -XX:GCTimeRatio=4 -XX:AdaptiveSizePolicyWeight=90 -Dsun.zip.disableMemoryMapping=true -Xmx1G -Xms100m 
java_command: c:\Users\Taylanne\.vscode\extensions\redhat.java-1.4.0-win32-x64\server\plugins\org.eclipse.equinox.launcher_1.6.400.v20210924-0641.jar -configuration c:\Users\Taylanne\AppData\Roaming\Code\User\globalStorage\redhat.java\1.4.0\config_ss_win -data c:\Users\Taylanne\AppData\Roaming\Code\User\workspaceStorage\440ee4b0d056b4a57d7929923ceb5cde\redhat.java\ss_ws
java_class_path (initial): c:\Users\Taylanne\.vscode\extensions\redhat.java-1.4.0-win32-x64\server\plugins\org.eclipse.equinox.launcher_1.6.400.v20210924-0641.jar
Launcher Type: SUN_STANDARD

[Global flags]
    uintx AdaptiveSizePolicyWeight                 = 90                                        {product} {command line}
     intx CICompilerCount                          = 3                                         {product} {ergonomic}
    uintx GCTimeRatio                              = 4                                         {product} {command line}
   size_t InitialHeapSize                          = 104857600                                 {product} {command line}
   size_t MaxHeapSize                              = 1073741824                                {product} {command line}
   size_t MaxNewSize                               = 357564416                                 {product} {ergonomic}
   size_t MinHeapDeltaBytes                        = 524288                                    {product} {ergonomic}
   size_t MinHeapSize                              = 104857600                                 {product} {command line}
   size_t NewSize                                  = 34603008                                  {product} {ergonomic}
    uintx NonNMethodCodeHeapSize                   = 5832780                                {pd product} {ergonomic}
    uintx NonProfiledCodeHeapSize                  = 122912730                              {pd product} {ergonomic}
   size_t OldSize                                  = 70254592                                  {product} {ergonomic}
    uintx ProfiledCodeHeapSize                     = 122912730                              {pd product} {ergonomic}
    uintx ReservedCodeCacheSize                    = 251658240                              {pd product} {ergonomic}
     bool SegmentedCodeCache                       = true                                      {product} {ergonomic}
   size_t SoftMaxHeapSize                          = 1073741824                             {manageable} {ergonomic}
     bool UseCompressedClassPointers               = true                           {product lp64_product} {ergonomic}
     bool UseCompressedOops                        = true                           {product lp64_product} {ergonomic}
     bool UseLargePagesIndividualAllocation        = false                                  {pd product} {ergonomic}
     bool UseParallelGC                            = true                                      {product} {command line}

Logging:
Log output configuration:
 #0: stdout all=warning uptime,level,tags
 #1: stderr all=off uptime,level,tags

Environment Variables:
PATH=C:\Users\Taylanne\bin;C:\Program Files\Git\mingw64\bin;C:\Program Files\Git\usr\local\bin;C:\Program Files\Git\usr\bin;C:\Program Files\Git\usr\bin;C:\Program Files\Git\mingw64\bin;C:\Program Files\Git\usr\bin;C:\Users\Taylanne\bin;C:\Program Files\Common Files\Oracle\Java\javapath;C:\Windows\system32;C:\Windows;C:\Windows\System32\Wbem;C:\Windows\System32\WindowsPowerShell\v1.0;C:\Windows\System32\OpenSSH;C:\Program Files\Git\cmd;C:\Program Files\nodejs;C:\Users\Taylanne\AppData\Local\Microsoft\WindowsApps;C:\Program Files\heroku\bin;C:\Users\Taylanne\AppData\Local\Programs\Microsoft VS Code\bin;C:\Users\Taylanne\AppData\Roaming\npm;C:\Program Files\Git\usr\bin\vendor_perl;C:\Program Files\Git\usr\bin\core_perl
USERNAME=Taylanne
SHELL=C:\Program Files\Git\usr\bin\bash.exe
DISPLAY=needs-to-be-defined
LC_CTYPE=pt_BR.UTF-8
OS=Windows_NT
PROCESSOR_IDENTIFIER=Intel64 Family 6 Model 140 Stepping 1, GenuineIntel



---------------  S Y S T E M  ---------------

OS:
 Windows 10 , 64 bit Build 19041 (10.0.19041.1645)
OS uptime: 4 days 19:44 hours

CPU: total 4 (initial active 4) (2 cores per cpu, 2 threads per core) family 6 model 140 stepping 1 microcode 0x9a, cx8, cmov, fxsr, ht, mmx, 3dnowpref, sse, sse2, sse3, ssse3, sse4.1, sse4.2, popcnt, lzcnt, tsc, tscinvbit, avx, avx2, aes, erms, clmul, bmi1, bmi2, adx, avx512f, avx512dq, avx512cd, avx512bw, avx512vl, sha, fma, vzeroupper, avx512_vpopcntdq, avx512_vpclmulqdq, avx512_vaes, avx512_vnni, clflush, clflushopt, clwb, avx512_vbmi2, avx512_vbmi

Memory: 4k page, system-wide physical 3818M (309M free)
TotalPageFile size 8785M (AvailPageFile size 0M)
current process WorkingSet (physical memory assigned to process): 51M, peak: 51M
current process commit charge ("private bytes"): 181M, peak: 181M

vm_info: OpenJDK 64-Bit Server VM (17.0.2+8) for windows-amd64 JRE (17.0.2+8), built on Jan 20 2022 04:52:34 by "" with MS VC++ 16.7 (VS2019)

END.
